0 info it worked if it ends with ok
1 verbose cli [ '/Users/tom.pearson/.nvm/versions/v5.7.1/bin/node',
1 verbose cli   '/Users/tom.pearson/.nvm/versions/v5.7.1/bin/npm',
1 verbose cli   'run',
1 verbose cli   'build' ]
2 info using npm@3.6.0
3 info using node@v5.7.1
4 verbose run-script [ 'prebuild', 'build', 'postbuild' ]
5 info lifecycle ft-chart-frame@1.0.0~prebuild: ft-chart-frame@1.0.0
6 silly lifecycle ft-chart-frame@1.0.0~prebuild: no script for prebuild, continuing
7 info lifecycle ft-chart-frame@1.0.0~build: ft-chart-frame@1.0.0
8 verbose lifecycle ft-chart-frame@1.0.0~build: unsafe-perm in lifecycle true
9 verbose lifecycle ft-chart-frame@1.0.0~build: PATH: /Users/tom.pearson/.nvm/versions/v5.7.1/lib/node_modules/npm/bin/node-gyp-bin:/Users/tom.pearson/Sites/FT-chart-frame/node_modules/.bin:/Users/tom.pearson/.nvm/versions/v5.7.1/lib/node_modules/npm/bin/node-gyp-bin:/Users/tom.pearson/Sites/FT-chart-frame/node_modules/.bin:/Users/tom.pearson/anaconda/bin:/Users/tom.pearson/.nvm/versions/v5.7.1/bin:~/bin:/usr/local/heroku/bin:/opt/local/bin:/opt/local/sbin:/usr/local/bin:/usr/bin:/bin:/usr/sbin:/sbin:/opt/X11/bin:/Applications/Postgres.app/Contents/Versions/9.4/bin:/Users/tom.pearson/.nvm/v0.11.15/lib/node_modules/gulp
10 verbose lifecycle ft-chart-frame@1.0.0~build: CWD: /Users/tom.pearson/Sites/FT-chart-frame
11 silly lifecycle ft-chart-frame@1.0.0~build: Args: [ '-c',
11 silly lifecycle   'mkdir -p build && node -e \'process.stdout.write("var version = \\"" + require("./package.json").version + "\\"; export * from \\"../index\\"; export {version};");\' > build/bundle.js && rollup -f umd -n d3_chartframe -o build/d3-chartframe.js -- build/bundle.js' ]
12 silly lifecycle ft-chart-frame@1.0.0~build: Returned: code: 1  signal: null
13 info lifecycle ft-chart-frame@1.0.0~build: Failed to exec build script
14 verbose stack Error: ft-chart-frame@1.0.0 build: `mkdir -p build && node -e 'process.stdout.write("var version = \"" + require("./package.json").version + "\"; export * from \"../index\"; export {version};");' > build/bundle.js && rollup -f umd -n d3_chartframe -o build/d3-chartframe.js -- build/bundle.js`
14 verbose stack Exit status 1
14 verbose stack     at EventEmitter.<anonymous> (/Users/tom.pearson/.nvm/versions/v5.7.1/lib/node_modules/npm/lib/utils/lifecycle.js:232:16)
14 verbose stack     at emitTwo (events.js:100:13)
14 verbose stack     at EventEmitter.emit (events.js:185:7)
14 verbose stack     at ChildProcess.<anonymous> (/Users/tom.pearson/.nvm/versions/v5.7.1/lib/node_modules/npm/lib/utils/spawn.js:24:14)
14 verbose stack     at emitTwo (events.js:100:13)
14 verbose stack     at ChildProcess.emit (events.js:185:7)
14 verbose stack     at maybeClose (internal/child_process.js:827:16)
14 verbose stack     at Process.ChildProcess._handle.onexit (internal/child_process.js:211:5)
15 verbose pkgid ft-chart-frame@1.0.0
16 verbose cwd /Users/tom.pearson/Sites/FT-chart-frame
17 error Darwin 15.3.0
18 error argv "/Users/tom.pearson/.nvm/versions/v5.7.1/bin/node" "/Users/tom.pearson/.nvm/versions/v5.7.1/bin/npm" "run" "build"
19 error node v5.7.1
20 error npm  v3.6.0
21 error code ELIFECYCLE
22 error ft-chart-frame@1.0.0 build: `mkdir -p build && node -e 'process.stdout.write("var version = \"" + require("./package.json").version + "\"; export * from \"../index\"; export {version};");' > build/bundle.js && rollup -f umd -n d3_chartframe -o build/d3-chartframe.js -- build/bundle.js`
22 error Exit status 1
23 error Failed at the ft-chart-frame@1.0.0 build script 'mkdir -p build && node -e 'process.stdout.write("var version = \"" + require("./package.json").version + "\"; export * from \"../index\"; export {version};");' > build/bundle.js && rollup -f umd -n d3_chartframe -o build/d3-chartframe.js -- build/bundle.js'.
23 error Make sure you have the latest version of node.js and npm installed.
23 error If you do, this is most likely a problem with the ft-chart-frame package,
23 error not with npm itself.
23 error Tell the author that this fails on your system:
23 error     mkdir -p build && node -e 'process.stdout.write("var version = \"" + require("./package.json").version + "\"; export * from \"../index\"; export {version};");' > build/bundle.js && rollup -f umd -n d3_chartframe -o build/d3-chartframe.js -- build/bundle.js
23 error You can get information on how to open an issue for this project with:
23 error     npm bugs ft-chart-frame
23 error Or if that isn't available, you can get their info via:
23 error     npm owner ls ft-chart-frame
23 error There is likely additional logging output above.
24 verbose exit [ 1, true ]
